<?xml version="1.0" encoding="UTF-8"?>
<!-- Generated by org.testng.reporters.JUnitReportReporter -->
<testsuite hostname="Dhevs-MacBook-Pro.local" failures="0" tests="4" name="com.crm.qa.testcases.ContactsPageTest" time="84.498" errors="0" timestamp="21 Jan 2019 20:42:33 GMT" skipped="1">
  <testcase classname="com.crm.qa.testcases.ContactsPageTest" name="verifyContactsPageLabelTest" time="24.929"/>
  <testcase classname="com.crm.qa.testcases.ContactsPageTest" name="selectSingleContactsTest" time="30.072"/>
  <testcase classname="com.crm.qa.testcases.ContactsPageTest" name="selectMutlipleContactsTest" time="29.497"/>
  <testcase classname="com.crm.qa.testcases.ContactsPageTest" name="validateCreateNewContactTest" time="0.000">
    <skipped/>
  </testcase> <!-- validateCreateNewContactTest -->
</testsuite> <!-- com.crm.qa.testcases.ContactsPageTest -->
