<?xml version="1.0" encoding="UTF-8"?>
<!-- Generated by org.testng.reporters.JUnitReportReporter -->
<testsuite hostname="Dhevs-MacBook-Pro.local" failures="0" tests="3" name="com.crm.qa.testcases.HomePageTest" time="54.146" errors="0" timestamp="21 Jan 2019 20:42:33 GMT" skipped="0">
  <testcase classname="com.crm.qa.testcases.HomePageTest" name="verifyHomePageTitleTest" time="19.916"/>
  <testcase classname="com.crm.qa.testcases.HomePageTest" name="verifyUserNameTest" time="18.170"/>
  <testcase classname="com.crm.qa.testcases.HomePageTest" name="verifyContactsLinkTest" time="16.060"/>
</testsuite> <!-- com.crm.qa.testcases.HomePageTest -->
