<?xml version="1.0" encoding="UTF-8"?>
<!-- Generated by org.testng.reporters.JUnitReportReporter -->
<testsuite hostname="Dhevs-MacBook-Pro.local" failures="0" tests="3" name="com.crm.qa.testcases.LoginPageTest" time="17.953" errors="0" timestamp="21 Jan 2019 20:42:33 GMT" skipped="0">
  <testcase classname="com.crm.qa.testcases.LoginPageTest" name="loginPageTitleTest" time="3.338"/>
  <testcase classname="com.crm.qa.testcases.LoginPageTest" name="crmLogoImageTest" time="5.637"/>
  <testcase classname="com.crm.qa.testcases.LoginPageTest" name="loginTest" time="8.978"/>
</testsuite> <!-- com.crm.qa.testcases.LoginPageTest -->
