<?xml version="1.0" encoding="UTF-8"?>
<!-- Generated by org.testng.reporters.JUnitReportReporter -->
<testsuite skipped="0" hostname="Dhevs-MacBook-Pro.local" name="com.crm.qa.testcases.LoginPageTest" tests="1" failures="0" timestamp="21 Jan 2019 22:13:52 GMT" time="3.297" errors="0">
  <testcase name="loginPageTitleTest" time="3.297" classname="com.crm.qa.testcases.LoginPageTest"/>
</testsuite> <!-- com.crm.qa.testcases.LoginPageTest -->
