<?xml version="1.0" encoding="UTF-8"?>
<!-- Generated by org.testng.reporters.JUnitReportReporter -->
<testsuite skipped="0" hostname="Dhevs-MacBook-Pro.local" name="com.crm.qa.testcases.ContactsPageTest" tests="1" failures="0" timestamp="21 Jan 2019 22:13:52 GMT" time="21.120" errors="0">
  <testcase name="verifyContactsPageLabelTest" time="21.120" classname="com.crm.qa.testcases.ContactsPageTest"/>
</testsuite> <!-- com.crm.qa.testcases.ContactsPageTest -->
